{"/Users/cornelius.prilly/Documents/Projects/mine/qoala-home-task/src/App.vue": {"path":"/Users/cornelius.prilly/Documents/Projects/mine/qoala-home-task/src/App.vue","statementMap":{"0":{"start":{"line":15,"column":0},"end":{"line":15,"column":null}},"1":{"start":{"line":16,"column":0},"end":{"line":16,"column":null}},"2":{"start":{"line":18,"column":0},"end":{"line":18,"column":null}},"3":{"start":{"line":27,"column":0},"end":{"line":27,"column":null}},"4":{"start":{"line":34,"column":0},"end":{"line":34,"column":null}},"5":{"start":{"line":36,"column":0},"end":{"line":50,"column":null}},"6":{"start":{"line":37,"column":0},"end":{"line":45,"column":null}},"7":{"start":{"line":38,"column":0},"end":{"line":38,"column":null}},"8":{"start":{"line":39,"column":0},"end":{"line":39,"column":null}},"9":{"start":{"line":41,"column":0},"end":{"line":43,"column":null}},"10":{"start":{"line":42,"column":0},"end":{"line":42,"column":null}},"11":{"start":{"line":44,"column":0},"end":{"line":44,"column":null}},"12":{"start":{"line":46,"column":0},"end":{"line":50,"column":null}},"13":{"start":{"line":47,"column":0},"end":{"line":47,"column":null}},"14":{"start":{"line":52,"column":0},"end":{"line":52,"column":null}},"15":{"start":{"line":57,"column":0},"end":{"line":57,"column":null}},"16":{"start":{"line":60,"column":0},"end":{"line":79,"column":null}},"17":{"start":{"line":61,"column":0},"end":{"line":78,"column":null}},"18":{"start":{"line":62,"column":0},"end":{"line":64,"column":null}},"19":{"start":{"line":77,"column":0},"end":{"line":77,"column":null}},"20":{"start":{"line":82,"column":0},"end":{"line":84,"column":null}},"21":{"start":{"line":83,"column":0},"end":{"line":83,"column":null}},"22":{"start":{"line":85,"column":0},"end":{"line":87,"column":null}},"23":{"start":{"line":86,"column":0},"end":{"line":86,"column":null}},"24":{"start":{"line":88,"column":0},"end":{"line":88,"column":null}},"25":{"start":{"line":92,"column":0},"end":{"line":92,"column":null}},"26":{"start":{"line":93,"column":0},"end":{"line":97,"column":null}},"27":{"start":{"line":94,"column":0},"end":{"line":94,"column":null}},"28":{"start":{"line":96,"column":0},"end":{"line":96,"column":null}}},"fnMap":{"0":{"name":"(anonymous_1)","decl":{"start":{"line":26,"column":0},"end":{"line":26,"column":null}},"loc":{"start":{"line":26,"column":0},"end":{"line":31,"column":null}}},"1":{"name":"(anonymous_2)","decl":{"start":{"line":33,"column":0},"end":{"line":33,"column":null}},"loc":{"start":{"line":33,"column":0},"end":{"line":53,"column":null}}},"2":{"name":"(anonymous_3)","decl":{"start":{"line":37,"column":0},"end":{"line":37,"column":null}},"loc":{"start":{"line":37,"column":0},"end":{"line":45,"column":null}}},"3":{"name":"(anonymous_4)","decl":{"start":{"line":47,"column":0},"end":{"line":47,"column":null}},"loc":{"start":{"line":47,"column":0},"end":{"line":47,"column":null}}},"4":{"name":"(anonymous_5)","decl":{"start":{"line":56,"column":0},"end":{"line":56,"column":null}},"loc":{"start":{"line":56,"column":0},"end":{"line":58,"column":null}}},"5":{"name":"(anonymous_6)","decl":{"start":{"line":59,"column":0},"end":{"line":59,"column":null}},"loc":{"start":{"line":59,"column":0},"end":{"line":80,"column":null}}},"6":{"name":"(anonymous_7)","decl":{"start":{"line":61,"column":0},"end":{"line":61,"column":null}},"loc":{"start":{"line":61,"column":0},"end":{"line":78,"column":null}}},"7":{"name":"(anonymous_8)","decl":{"start":{"line":62,"column":0},"end":{"line":62,"column":null}},"loc":{"start":{"line":62,"column":0},"end":{"line":64,"column":null}}},"8":{"name":"(anonymous_9)","decl":{"start":{"line":81,"column":0},"end":{"line":81,"column":null}},"loc":{"start":{"line":81,"column":0},"end":{"line":89,"column":null}}},"9":{"name":"(anonymous_10)","decl":{"start":{"line":91,"column":0},"end":{"line":91,"column":null}},"loc":{"start":{"line":91,"column":0},"end":{"line":98,"column":null}}}},"branchMap":{"0":{"loc":{"start":{"line":36,"column":0},"end":{"line":50,"column":null}},"type":"if","locations":[{"start":{"line":36,"column":0},"end":{"line":50,"column":null}},{"start":{"line":36,"column":0},"end":{"line":50,"column":null}}]},"1":{"loc":{"start":{"line":41,"column":0},"end":{"line":43,"column":null}},"type":"if","locations":[{"start":{"line":41,"column":0},"end":{"line":43,"column":null}},{"start":{"line":41,"column":0},"end":{"line":43,"column":null}}]},"2":{"loc":{"start":{"line":46,"column":0},"end":{"line":50,"column":null}},"type":"if","locations":[{"start":{"line":46,"column":0},"end":{"line":50,"column":null}},{"start":{"line":46,"column":0},"end":{"line":50,"column":null}}]},"3":{"loc":{"start":{"line":60,"column":0},"end":{"line":79,"column":null}},"type":"if","locations":[{"start":{"line":60,"column":0},"end":{"line":79,"column":null}},{"start":{"line":60,"column":0},"end":{"line":79,"column":null}}]},"4":{"loc":{"start":{"line":82,"column":0},"end":{"line":84,"column":null}},"type":"if","locations":[{"start":{"line":82,"column":0},"end":{"line":84,"column":null}},{"start":{"line":82,"column":0},"end":{"line":84,"column":null}}]},"5":{"loc":{"start":{"line":85,"column":0},"end":{"line":87,"column":null}},"type":"if","locations":[{"start":{"line":85,"column":0},"end":{"line":87,"column":null}},{"start":{"line":85,"column":0},"end":{"line":87,"column":null}}]},"6":{"loc":{"start":{"line":93,"column":0},"end":{"line":97,"column":null}},"type":"if","locations":[{"start":{"line":93,"column":0},"end":{"line":97,"column":null}},{"start":{"line":93,"column":0},"end":{"line":97,"column":null}}]}},"s":{"0":2,"1":2,"2":2,"3":13,"4":21,"5":21,"6":2,"7":24,"8":24,"9":24,"10":12,"11":12,"12":19,"13":24,"14":17,"15":2,"16":10,"17":10,"18":11,"19":1,"20":57,"21":7,"22":50,"23":26,"24":24,"25":13,"26":13,"27":3,"28":10},"f":{"0":13,"1":21,"2":24,"3":22,"4":2,"5":10,"6":1,"7":10,"8":57,"9":13},"b":{"0":[2,19],"1":[12,12],"2":[2,17],"3":[10,0],"4":[7,50],"5":[26,24],"6":[3,10]}}
,"/Users/cornelius.prilly/Documents/Projects/mine/qoala-home-task/src/components/Card.vue": {"path":"/Users/cornelius.prilly/Documents/Projects/mine/qoala-home-task/src/components/Card.vue","statementMap":{"0":{"start":{"line":31,"column":0},"end":{"line":33,"column":null}},"1":{"start":{"line":32,"column":0},"end":{"line":32,"column":null}},"2":{"start":{"line":34,"column":0},"end":{"line":36,"column":null}},"3":{"start":{"line":35,"column":0},"end":{"line":35,"column":null}},"4":{"start":{"line":37,"column":0},"end":{"line":37,"column":null}},"5":{"start":{"line":40,"column":0},"end":{"line":40,"column":null}},"6":{"start":{"line":42,"column":0},"end":{"line":42,"column":null}}},"fnMap":{"0":{"name":"(anonymous_1)","decl":{"start":{"line":30,"column":0},"end":{"line":30,"column":null}},"loc":{"start":{"line":30,"column":0},"end":{"line":38,"column":null}}},"1":{"name":"(anonymous_2)","decl":{"start":{"line":39,"column":0},"end":{"line":39,"column":null}},"loc":{"start":{"line":39,"column":0},"end":{"line":45,"column":null}}}},"branchMap":{"0":{"loc":{"start":{"line":31,"column":0},"end":{"line":33,"column":null}},"type":"if","locations":[{"start":{"line":31,"column":0},"end":{"line":33,"column":null}},{"start":{"line":31,"column":0},"end":{"line":33,"column":null}}]},"1":{"loc":{"start":{"line":34,"column":0},"end":{"line":36,"column":null}},"type":"if","locations":[{"start":{"line":34,"column":0},"end":{"line":36,"column":null}},{"start":{"line":34,"column":0},"end":{"line":36,"column":null}}]}},"s":{"0":17,"1":5,"2":12,"3":6,"4":6,"5":8,"6":8},"f":{"0":17,"1":8},"b":{"0":[5,12],"1":[6,6]}}
,"/Users/cornelius.prilly/Documents/Projects/mine/qoala-home-task/src/components/CardList.vue": {"path":"/Users/cornelius.prilly/Documents/Projects/mine/qoala-home-task/src/components/CardList.vue","statementMap":{"0":{"start":{"line":12,"column":0},"end":{"line":12,"column":null}},"1":{"start":{"line":13,"column":0},"end":{"line":13,"column":null}},"2":{"start":{"line":14,"column":0},"end":{"line":14,"column":null}},"3":{"start":{"line":33,"column":0},"end":{"line":33,"column":null}},"4":{"start":{"line":34,"column":0},"end":{"line":34,"column":null}},"5":{"start":{"line":37,"column":0},"end":{"line":43,"column":null}},"6":{"start":{"line":38,"column":0},"end":{"line":38,"column":null}},"7":{"start":{"line":39,"column":0},"end":{"line":39,"column":null}},"8":{"start":{"line":41,"column":0},"end":{"line":41,"column":null}},"9":{"start":{"line":42,"column":0},"end":{"line":42,"column":null}},"10":{"start":{"line":45,"column":0},"end":{"line":47,"column":null}},"11":{"start":{"line":46,"column":0},"end":{"line":46,"column":null}}},"fnMap":{"0":{"name":"(anonymous_1)","decl":{"start":{"line":32,"column":0},"end":{"line":32,"column":null}},"loc":{"start":{"line":32,"column":0},"end":{"line":48,"column":null}}}},"branchMap":{"0":{"loc":{"start":{"line":37,"column":0},"end":{"line":43,"column":null}},"type":"if","locations":[{"start":{"line":37,"column":0},"end":{"line":43,"column":null}},{"start":{"line":37,"column":0},"end":{"line":43,"column":null}}]},"1":{"loc":{"start":{"line":45,"column":0},"end":{"line":47,"column":null}},"type":"if","locations":[{"start":{"line":45,"column":0},"end":{"line":47,"column":null}},{"start":{"line":45,"column":0},"end":{"line":47,"column":null}}]}},"s":{"0":2,"1":2,"2":2,"3":0,"4":0,"5":0,"6":0,"7":0,"8":0,"9":0,"10":0,"11":0},"f":{"0":0},"b":{"0":[0,0],"1":[0,0]}}
,"/Users/cornelius.prilly/Documents/Projects/mine/qoala-home-task/src/services/index.js": {"path":"/Users/cornelius.prilly/Documents/Projects/mine/qoala-home-task/src/services/index.js","statementMap":{"0":{"start":{"line":5,"column":4},"end":{"line":7,"column":47}},"1":{"start":{"line":7,"column":24},"end":{"line":7,"column":45}}},"fnMap":{"0":{"name":"(anonymous_0)","decl":{"start":{"line":4,"column":2},"end":{"line":4,"column":3}},"loc":{"start":{"line":4,"column":16},"end":{"line":8,"column":3}},"line":4},"1":{"name":"(anonymous_1)","decl":{"start":{"line":7,"column":12},"end":{"line":7,"column":13}},"loc":{"start":{"line":7,"column":24},"end":{"line":7,"column":45}},"line":7}},"branchMap":{},"s":{"0":9,"1":0},"f":{"0":9,"1":0},"b":{},"_coverageSchema":"43e27e138ebf9cfc5966b082cf9a028302ed4184","hash":"2c8a222d907cfaa206661776397711e799b5bca5"}
,"/Users/cornelius.prilly/Documents/Projects/mine/qoala-home-task/src/utils/getWidthAndHeight.js": {"path":"/Users/cornelius.prilly/Documents/Projects/mine/qoala-home-task/src/utils/getWidthAndHeight.js","statementMap":{"0":{"start":{"line":2,"column":12},"end":{"line":2,"column":18}},"1":{"start":{"line":3,"column":12},"end":{"line":3,"column":20}},"2":{"start":{"line":4,"column":12},"end":{"line":4,"column":29}},"3":{"start":{"line":5,"column":12},"end":{"line":5,"column":45}},"4":{"start":{"line":6,"column":16},"end":{"line":6,"column":62}},"5":{"start":{"line":7,"column":17},"end":{"line":7,"column":66}},"6":{"start":{"line":9,"column":2},"end":{"line":9,"column":27}}},"fnMap":{"0":{"name":"getWidthAndHeight","decl":{"start":{"line":1,"column":24},"end":{"line":1,"column":41}},"loc":{"start":{"line":1,"column":44},"end":{"line":10,"column":1}},"line":1}},"branchMap":{"0":{"loc":{"start":{"line":6,"column":16},"end":{"line":6,"column":62}},"type":"binary-expr","locations":[{"start":{"line":6,"column":16},"end":{"line":6,"column":28}},{"start":{"line":6,"column":32},"end":{"line":6,"column":45}},{"start":{"line":6,"column":49},"end":{"line":6,"column":62}}],"line":6},"1":{"loc":{"start":{"line":7,"column":17},"end":{"line":7,"column":66}},"type":"binary-expr","locations":[{"start":{"line":7,"column":17},"end":{"line":7,"column":30}},{"start":{"line":7,"column":34},"end":{"line":7,"column":48}},{"start":{"line":7,"column":52},"end":{"line":7,"column":66}}],"line":7}},"s":{"0":0,"1":0,"2":0,"3":0,"4":0,"5":0,"6":0},"f":{"0":0},"b":{"0":[0,0,0],"1":[0,0,0]},"_coverageSchema":"43e27e138ebf9cfc5966b082cf9a028302ed4184","hash":"bafdb3faa8d6f5b62e927fd23ce1b4459b34861b"}
,"/Users/cornelius.prilly/Documents/Projects/mine/qoala-home-task/tests/helper/dataProvider.js": {"path":"/Users/cornelius.prilly/Documents/Projects/mine/qoala-home-task/tests/helper/dataProvider.js","statementMap":{"0":{"start":{"line":4,"column":2},"end":{"line":4,"column":29}},"1":{"start":{"line":5,"column":17},"end":{"line":5,"column":19}},"2":{"start":{"line":7,"column":2},"end":{"line":20,"column":3}},"3":{"start":{"line":7,"column":17},"end":{"line":7,"column":18}},"4":{"start":{"line":8,"column":4},"end":{"line":19,"column":7}},"5":{"start":{"line":22,"column":2},"end":{"line":22,"column":16}},"6":{"start":{"line":26,"column":18},"end":{"line":26,"column":20}},"7":{"start":{"line":28,"column":2},"end":{"line":51,"column":3}},"8":{"start":{"line":28,"column":17},"end":{"line":28,"column":18}},"9":{"start":{"line":29,"column":4},"end":{"line":50,"column":7}},"10":{"start":{"line":53,"column":2},"end":{"line":53,"column":17}}},"fnMap":{"0":{"name":"generateDataLocalStorage","decl":{"start":{"line":3,"column":16},"end":{"line":3,"column":40}},"loc":{"start":{"line":3,"column":52},"end":{"line":23,"column":1}},"line":3},"1":{"name":"generateDataFromApi","decl":{"start":{"line":25,"column":16},"end":{"line":25,"column":35}},"loc":{"start":{"line":25,"column":38},"end":{"line":54,"column":1}},"line":25}},"branchMap":{"0":{"loc":{"start":{"line":4,"column":14},"end":{"line":4,"column":28}},"type":"binary-expr","locations":[{"start":{"line":4,"column":14},"end":{"line":4,"column":23}},{"start":{"line":4,"column":27},"end":{"line":4,"column":28}}],"line":4}},"s":{"0":1,"1":1,"2":1,"3":1,"4":5,"5":1,"6":3,"7":3,"8":3,"9":30,"10":3},"f":{"0":1,"1":3},"b":{"0":[1,0]},"_coverageSchema":"43e27e138ebf9cfc5966b082cf9a028302ed4184","hash":"29aa78496126ca3a7555d7f50046c05602bda2e5"}
}
