TN:
SF:/Users/cornelius.prilly/Documents/Projects/mine/qoala-home-task/src/App.vue
FN:26,(anonymous_1)
FN:33,(anonymous_2)
FN:37,(anonymous_3)
FN:47,(anonymous_4)
FN:56,(anonymous_5)
FN:59,(anonymous_6)
FN:61,(anonymous_7)
FN:62,(anonymous_8)
FN:81,(anonymous_9)
FN:91,(anonymous_10)
FNF:10
FNH:10
FNDA:13,(anonymous_1)
FNDA:21,(anonymous_2)
FNDA:24,(anonymous_3)
FNDA:22,(anonymous_4)
FNDA:2,(anonymous_5)
FNDA:10,(anonymous_6)
FNDA:1,(anonymous_7)
FNDA:10,(anonymous_8)
FNDA:57,(anonymous_9)
FNDA:13,(anonymous_10)
DA:15,2
DA:16,2
DA:18,2
DA:27,13
DA:34,21
DA:36,21
DA:37,2
DA:38,24
DA:39,24
DA:41,24
DA:42,12
DA:44,12
DA:46,19
DA:47,24
DA:52,17
DA:57,2
DA:60,10
DA:61,10
DA:62,11
DA:77,1
DA:82,57
DA:83,7
DA:85,50
DA:86,26
DA:88,24
DA:92,13
DA:93,13
DA:94,3
DA:96,10
LF:29
LH:29
BRDA:36,0,0,2
BRDA:36,0,1,19
BRDA:41,1,0,12
BRDA:41,1,1,12
BRDA:46,2,0,2
BRDA:46,2,1,17
BRDA:60,3,0,10
BRDA:60,3,1,0
BRDA:82,4,0,7
BRDA:82,4,1,50
BRDA:85,5,0,26
BRDA:85,5,1,24
BRDA:93,6,0,3
BRDA:93,6,1,10
BRF:14
BRH:13
end_of_record
TN:
SF:/Users/cornelius.prilly/Documents/Projects/mine/qoala-home-task/src/components/Card.vue
FN:30,(anonymous_1)
FN:39,(anonymous_2)
FNF:2
FNH:2
FNDA:17,(anonymous_1)
FNDA:8,(anonymous_2)
DA:31,17
DA:32,6
DA:34,11
DA:35,6
DA:37,5
DA:40,8
DA:42,8
LF:7
LH:7
BRDA:31,0,0,6
BRDA:31,0,1,11
BRDA:34,1,0,6
BRDA:34,1,1,5
BRF:4
BRH:4
end_of_record
TN:
SF:/Users/cornelius.prilly/Documents/Projects/mine/qoala-home-task/src/components/CardList.vue
FN:32,(anonymous_1)
FNF:1
FNH:0
FNDA:0,(anonymous_1)
DA:12,2
DA:13,2
DA:14,2
DA:33,0
DA:34,0
DA:37,0
DA:38,0
DA:39,0
DA:41,0
DA:42,0
DA:45,0
DA:46,0
LF:12
LH:3
BRDA:37,0,0,0
BRDA:37,0,1,0
BRDA:45,1,0,0
BRDA:45,1,1,0
BRF:4
BRH:0
end_of_record
TN:
SF:/Users/cornelius.prilly/Documents/Projects/mine/qoala-home-task/src/services/index.js
FN:4,(anonymous_0)
FN:7,(anonymous_1)
FNF:2
FNH:1
FNDA:9,(anonymous_0)
FNDA:0,(anonymous_1)
DA:5,9
DA:7,0
LF:2
LH:1
BRF:0
BRH:0
end_of_record
TN:
SF:/Users/cornelius.prilly/Documents/Projects/mine/qoala-home-task/src/utils/getWidthAndHeight.js
FN:1,getWidthAndHeight
FNF:1
FNH:0
FNDA:0,getWidthAndHeight
DA:2,0
DA:3,0
DA:4,0
DA:5,0
DA:6,0
DA:7,0
DA:9,0
LF:7
LH:0
BRDA:6,0,0,0
BRDA:6,0,1,0
BRDA:6,0,2,0
BRDA:7,1,0,0
BRDA:7,1,1,0
BRDA:7,1,2,0
BRF:6
BRH:0
end_of_record
TN:
SF:/Users/cornelius.prilly/Documents/Projects/mine/qoala-home-task/tests/helper/dataProvider.js
FN:3,generateDataLocalStorage
FN:25,generateDataFromApi
FNF:2
FNH:2
FNDA:1,generateDataLocalStorage
FNDA:3,generateDataFromApi
DA:4,1
DA:5,1
DA:7,1
DA:8,5
DA:22,1
DA:26,3
DA:28,3
DA:29,30
DA:53,3
LF:9
LH:9
BRDA:4,0,0,1
BRDA:4,0,1,0
BRF:2
BRH:1
end_of_record
